This is pdfTeX, Version 3.141592653-2.6-1.40.24 (MiKTeX 22.12) (preloaded format=pdflatex 2023.1.16)  16 JAN 2023 10:07
entering extended mode
 restricted \write18 enabled.
 %&-line parsing enabled.
**./songbook.tex
(songbook.tex
LaTeX2e <2022-11-01> patch level 1
L3 programming layer <2022-12-17>
(C:\Programy\miktex\tex/latex/base\article.cls
Document Class: article 2022/07/02 v1.4n Standard LaTeX document class
(C:\Programy\miktex\tex/latex/base\size10.clo
File: size10.clo 2022/07/02 v1.4n Standard LaTeX file (size option)
)
\c@part=\count185
\c@section=\count186
\c@subsection=\count187
\c@subsubsection=\count188
\c@paragraph=\count189
\c@subparagraph=\count190
\c@figure=\count191
\c@table=\count192
\abovecaptionskip=\skip48
\belowcaptionskip=\skip49
\bibindent=\dimen140
)
(C:\Programy\miktex\tex/latex/a4wide\a4wide.sty
Package: a4wide 1994/08/30

(C:\Programy\miktex\tex/latex/ntgclass\a4.sty
Package: a4 2023/01/10 v1.2g A4 based page layout
))
(C:\Programy\miktex\tex/latex/xcolor\xcolor.sty
Package: xcolor 2022/06/12 v2.14 LaTeX color extensions (UK)

(C:\Programy\miktex\tex/latex/graphics-cfg\color.cfg
File: color.cfg 2016/01/02 v1.6 sample color configuration
)
Package xcolor Info: Package option `usenames' ignored on input line 218.
Package xcolor Info: Driver file: pdftex.def on input line 227.

(C:\Programy\miktex\tex/latex/graphics-def\pdftex.def
File: pdftex.def 2022/09/22 v1.2b Graphics/color driver for pdftex
)
(C:\Programy\miktex\tex/latex/graphics\mathcolor.ltx)
Package xcolor Info: Model `cmy' substituted by `cmy0' on input line 1353.
Package xcolor Info: Model `hsb' substituted by `rgb' on input line 1357.
Package xcolor Info: Model `RGB' extended on input line 1369.
Package xcolor Info: Model `HTML' substituted by `rgb' on input line 1371.
Package xcolor Info: Model `Hsb' substituted by `hsb' on input line 1372.
Package xcolor Info: Model `tHsb' substituted by `hsb' on input line 1373.
Package xcolor Info: Model `HSB' substituted by `hsb' on input line 1374.
Package xcolor Info: Model `Gray' substituted by `gray' on input line 1375.
Package xcolor Info: Model `wave' substituted by `hsb' on input line 1376.

(C:\Programy\miktex\tex/latex/graphics\dvipsnam.def
File: dvipsnam.def 2016/06/17 v3.0m Driver-dependent file (DPC,SPQR)
))
(C:\Programy\miktex\tex/latex/graphics\graphicx.sty
Package: graphicx 2021/09/16 v1.2d Enhanced LaTeX Graphics (DPC,SPQR)

(C:\Programy\miktex\tex/latex/graphics\keyval.sty
Package: keyval 2022/05/29 v1.15 key=value parser (DPC)
\KV@toks@=\toks16
)
(C:\Programy\miktex\tex/latex/graphics\graphics.sty
Package: graphics 2022/03/10 v1.4e Standard LaTeX Graphics (DPC,SPQR)

(C:\Programy\miktex\tex/latex/graphics\trig.sty
Package: trig 2021/08/11 v1.11 sin cos tan (DPC)
)
(C:\Programy\miktex\tex/latex/graphics-cfg\graphics.cfg
File: graphics.cfg 2016/06/04 v1.11 sample graphics configuration
)
Package graphics Info: Driver file: pdftex.def on input line 107.
)
\Gin@req@height=\dimen141
\Gin@req@width=\dimen142
)
(C:\Programy\miktex\tex/latex/songs\songs.sty
Package: songs 2018/09/12 v3.1 Songs package

(C:\Programy\miktex\tex/generic/iftex\ifpdf.sty
Package: ifpdf 2019/10/25 v3.4 ifpdf legacy package. Use iftex instead.

(C:\Programy\miktex\tex/generic/iftex\iftex.sty
Package: iftex 2022/02/03 v1.0f TeX engine tests
))
\SB@dimen=\dimen143
\SB@dimenii=\dimen144
\SB@dimeniii=\dimen145
\SB@dimeniv=\dimen146
\SB@box=\box51
\SB@boxii=\box52
\SB@boxiii=\box53
\SB@toks=\toks17
\SB@cnt=\count193
\SB@cntii=\count194
\SB@skip=\skip50
\SB@envbox=\box54
\c@songnum=\count195
\c@versenum=\count196
\versesep=\skip51
\afterpreludeskip=\skip52
\beforepostludeskip=\skip53
\baselineadj=\skip54
\idxheadwidth=\skip55
\songnumwidth=\skip56
\versenumwidth=\skip57
\cbarwidth=\skip58
\sbarheight=\skip59
\vvpenalty=\count197
\ccpenalty=\count198
\vcpenalty=\count199
\cvpenalty=\count266
\brkpenalty=\count267
\spenalty=\count268
\minfrets=\count269
\SB@colwidth=\dimen147
\SB@songbox=\box55
\SB@numcols=\count270
\SB@colnum=\count271
\SB@colbox=\box56
\SB@pgbox=\box57
\SB@mrkbox=\box58
\SB@groupcnt=\count272
\SB@titlelist=\toks18
\SB@titletail=\toks19
\SB@parindent=\dimen148
\SB@chorusbox=\box59
\SB@cmarkclass=\marks4
\SB@nocmarkclass=\marks5
\SB@grouplvl=\count273
\SB@transposefactor=\count274
\SB@lyric=\toks20
\SB@numhyps=\count275
\SB@lyricnohyp=\toks21
\SB@lyricbox=\box60
\SB@chordbox=\box61
\SB@cr@=\toks22
\SB@ctail=\toks23
\SB@fretwidth=\skip60
\SB@tabindent=\dimen149
\c@SB@songsnum=\count276
\SB@songwrites=\box62
LaTeX Font Info:    External font `cmex10' loaded for size
(Font)              <12> on input line 3785.
LaTeX Font Info:    External font `cmex10' loaded for size
(Font)              <8> on input line 3785.
LaTeX Font Info:    External font `cmex10' loaded for size
(Font)              <6> on input line 3785.
LaTeX Font Info:    External font `cmex10' loaded for size
(Font)              <10.95> on input line 3785.
)
(C:\Programy\miktex\tex/latex/fancyhdr\fancyhdr.sty
Package: fancyhdr 2022/11/09 v4.1 Extensive control of page headers and footers

\f@nch@headwidth=\skip61
\f@nch@O@elh=\skip62
\f@nch@O@erh=\skip63
\f@nch@O@olh=\skip64
\f@nch@O@orh=\skip65
\f@nch@O@elf=\skip66
\f@nch@O@erf=\skip67
\f@nch@O@olf=\skip68
\f@nch@O@orf=\skip69
)
(C:\Programy\miktex\tex/latex/l3backend\l3backend-pdftex.def
File: l3backend-pdftex.def 2022-10-26 L3 backend support: PDF output (pdfTeX)
\l__color_backend_stack_int=\count277
\l__pdf_internal_box=\box63
)
No file songbook.aux.
\openout1 = `songbook.aux'.

LaTeX Font Info:    Checking defaults for OML/cmm/m/it on input line 55.
LaTeX Font Info:    ... okay on input line 55.
LaTeX Font Info:    Checking defaults for OMS/cmsy/m/n on input line 55.
LaTeX Font Info:    ... okay on input line 55.
LaTeX Font Info:    Checking defaults for OT1/cmr/m/n on input line 55.
LaTeX Font Info:    ... okay on input line 55.
LaTeX Font Info:    Checking defaults for T1/cmr/m/n on input line 55.
LaTeX Font Info:    ... okay on input line 55.
LaTeX Font Info:    Checking defaults for TS1/cmr/m/n on input line 55.
LaTeX Font Info:    ... okay on input line 55.
LaTeX Font Info:    Checking defaults for OMX/cmex/m/n on input line 55.
LaTeX Font Info:    ... okay on input line 55.
LaTeX Font Info:    Checking defaults for U/cmr/m/n on input line 55.
LaTeX Font Info:    ... okay on input line 55.
(C:\Programy\miktex\tex/context/base/mkii\supp-pdf.mkii
[Loading MPS to PDF converter (version 2006.09.02).]
\scratchcounter=\count278
\scratchdimen=\dimen150
\scratchbox=\box64
\nofMPsegments=\count279
\nofMParguments=\count280
\everyMPshowfont=\toks24
\MPscratchCnt=\count281
\MPscratchDim=\dimen151
\MPnumerator=\count282
\makeMPintoPDFobject=\count283
\everyMPtoPDFconversion=\toks25
) (C:\Programy\miktex\tex/latex/epstopdf-pkg\epstopdf-base.sty
Package: epstopdf-base 2020-01-24 v2.11 Base part for package epstopdf
Package epstopdf-base Info: Redefining graphics rule for `.eps' on input line 4
85.

(C:\Programy\miktex\tex/latex/00miktex\epstopdf-sys.cfg
File: epstopdf-sys.cfg 2021/03/18 v2.0 Configuration of epstopdf for MiKTeX
))
LaTeX Font Info:    External font `cmex10' loaded for size
(Font)              <7> on input line 55.
LaTeX Font Info:    External font `cmex10' loaded for size
(Font)              <5> on input line 55.
LaTeX Font Info:    External font `cmex10' loaded for size
(Font)              <9> on input line 55.
<Chords/C.png, id=1, 422.57875pt x 138.5175pt>
File: Chords/C.png Graphic file (type png)
<use Chords/C.png>
Package pdftex.def Info: Chords/C.png  used on input line 66.
(pdftex.def)             Requested size: 113.81102pt x 37.3051pt.
<Chords/F.png, id=2, 422.57875pt x 138.5175pt>
File: Chords/F.png Graphic file (type png)
<use Chords/F.png>
Package pdftex.def Info: Chords/F.png  used on input line 66.
(pdftex.def)             Requested size: 113.81102pt x 37.3051pt.
<Chords/G.png, id=3, 422.57875pt x 138.5175pt>
File: Chords/G.png Graphic file (type png)
<use Chords/G.png>
Package pdftex.def Info: Chords/G.png  used on input line 67.
(pdftex.def)             Requested size: 113.81102pt x 37.3051pt.
<Chords/Am.png, id=4, 422.57875pt x 138.5175pt>
File: Chords/Am.png Graphic file (type png)
<use Chords/Am.png>
Package pdftex.def Info: Chords/Am.png  used on input line 67.
(pdftex.def)             Requested size: 113.81102pt x 37.3051pt.
 [1

{C:/Users/rotter/AppData/Local/MiKTeX/fonts/map/pdftex/pdftex.map} <./Chords/C.
png> <./Chords/F.png> <./Chords/G.png> <./Chords/Am.png>] (songbook.aux) ) 
Here is how much of TeX's memory you used:
 3114 strings out of 476406
 44455 string characters out of 2801758
 1864787 words of memory out of 3000000
 23463 multiletter control sequences out of 15000+600000
 520696 words of font info for 59 fonts, out of 8000000 for 9000
 1141 hyphenation exceptions out of 8191
 56i,11n,62p,214b,378s stack positions out of 10000i,1000n,20000p,200000b,80000s
<C:/P
rogramy/miktex/fonts/type1/public/amsfonts/cm/cmbx12.pfb><C:/Programy/miktex/fo
nts/type1/public/amsfonts/cm/cmbx5.pfb><C:/Programy/miktex/fonts/type1/public/a
msfonts/cm/cmr10.pfb><C:/Programy/miktex/fonts/type1/public/amsfonts/cm/cmr5.pf
b><C:/Programy/miktex/fonts/type1/public/amsfonts/cm/cmsl8.pfb><C:/Programy/mik
tex/fonts/type1/public/amsfonts/cm/cmssbx10.pfb>
Output written on songbook.pdf (1 page, 79325 bytes).
PDF statistics:
 44 PDF objects out of 1000 (max. 8388607)
 0 named destinations out of 1000 (max. 500000)
 21 words of extra memory for PDF output out of 10000 (max. 10000000)

